<?xml version="1.0" encoding="UTF-8"?>  
<ivy-module version="2.0"  
    xmlns:xsi="http://www.w3.org/2001/XMLSchema-instance"  
    xsi:noNamespaceSchemaLocation="http://ant.apache.org/ivy/schemas/ivy.xsd">  
    <info organisation="" module="aws-asset-service" revision="1.0" />  
	<configurations defaultconfmapping="default">
        <conf name="compile" description="provides compile-time dependencies"/>  
		<conf name="runtime" description="provides runtime dependencies"/>
		<conf name="test" description="provides testing and analytical dependencies"/>
        <conf name="publish" description="dependencies required when publishing this module"/>
        <conf name="default" description="default conf" extends="compile" />
    </configurations>  
    <dependencies>  
    		<dependency org="net.sourceforge.cobertura" name="cobertura" rev="2.0.3" conf="compile->default" />
        	<dependency org="org.codenarc" name="CodeNarc" rev="0.21" conf="compile->default" >
        		<exclude org="org.codehaus.groovy" name="groovy-all" /> 
        </dependency> 
        <dependency org="com.jayway.jsonpath" name="json-path" rev="0.8.1" conf="compile->default" /> 
		<dependency org="com.jayway.jsonpath" name="json-path-assert" rev="0.8.1" conf="compile->default" />
        <dependency org="org.codehaus.sonar-plugins" name="sonar-ant-task" rev="2.2" conf="compile->default" />
	</dependencies>  
</ivy-module>
